{"C:\\Users\\travi\\Alchemy\\career-track\\data-structures-and-algorithms\\challenges\\arrayBinarySearch\\array-binary-search.js": {"path":"C:\\Users\\travi\\Alchemy\\career-track\\data-structures-and-algorithms\\challenges\\arrayBinarySearch\\array-binary-search.js","statementMap":{"0":{"start":{"line":1,"column":21},"end":{"line":8,"column":1}},"1":{"start":{"line":2,"column":2},"end":{"line":7,"column":3}},"2":{"start":{"line":2,"column":14},"end":{"line":2,"column":15}},"3":{"start":{"line":3,"column":4},"end":{"line":6,"column":19}},"4":{"start":{"line":4,"column":6},"end":{"line":4,"column":26}},"5":{"start":{"line":6,"column":9},"end":{"line":6,"column":19}},"6":{"start":{"line":11,"column":0},"end":{"line":11,"column":34}}},"fnMap":{"0":{"name":"(anonymous_0)","decl":{"start":{"line":1,"column":21},"end":{"line":1,"column":22}},"loc":{"start":{"line":1,"column":49},"end":{"line":8,"column":1}},"line":1}},"branchMap":{"0":{"loc":{"start":{"line":3,"column":4},"end":{"line":6,"column":19}},"type":"if","locations":[{"start":{"line":3,"column":4},"end":{"line":6,"column":19}},{"start":{"line":3,"column":4},"end":{"line":6,"column":19}}],"line":3}},"s":{"0":1,"1":1,"2":1,"3":1,"4":0,"5":1,"6":1},"f":{"0":1},"b":{"0":[0,1]},"_coverageSchema":"43e27e138ebf9cfc5966b082cf9a028302ed4184","hash":"bcd2548d2ebf9c6f57fdd2dd0095a2da29ad1c25"}
}
